Arguments: 
  /usr/local/Cellar/node/9.4.0/bin/node /usr/local/bin/yarn init

PATH: 
  /usr/local/bin:/usr/bin:/bin:/usr/sbin:/sbin

Yarn version: 
  1.3.2

Node version: 
  9.4.0

Platform: 
  darwin x64

npm manifest: 
  {
      "name": "dinosaur-jobs",
      "version": "0.0.1",
      "description": "",
      "main": "listings.js",
      "scripts": {
          "test": "npx cypress run --browser chrome"
      },
      "repository": {
          "type": "git",
          "url": "git+ssh://git@github.com/gSchool/Build-an-app-using-component-based-architecture.git"
      },
      "author": "Marlena Baker",
      "license": "ISC",
      "bugs": {
          "url": "https://github.com/gSchool/Build-an-app-using-component-based-architecture/issues"
      },
      "homepage": "https://github.com/gSchool/Build-an-app-using-component-based-architecture#readme",
      "devDependencies": {
          "cypress": "^1.4.1"
      }
  }

yarn manifest: 
  No manifest

Lockfile: 
  No lockfile

Trace: 
  Error: canceled
      at Interface.<anonymous> (/usr/local/lib/node_modules/yarn/lib/cli.js:121045:13)
      at Interface.emit (events.js:160:13)
      at Interface._ttyWrite (readline.js:784:16)
      at ReadStream.onkeypress (readline.js:165:10)
      at ReadStream.emit (events.js:160:13)
      at emitKeys (internal/readline.js:420:14)
      at emitKeys.next (<anonymous>)
      at ReadStream.onData (readline.js:1020:36)
      at ReadStream.emit (events.js:160:13)
      at addChunk (_stream_readable.js:269:12)
